<?xml version="1.0" encoding="UTF-8"?>
<testng-results skipped="0" failed="0" total="2" passed="2">
  <reporter-output>
  </reporter-output>
  <suite name="API Suite" duration-ms="2802" started-at="2018-04-17T16:24:27Z" finished-at="2018-04-17T16:24:30Z">
    <groups>
    </groups>
    <test name="Test on Rest API " duration-ms="2802" started-at="2018-04-17T16:24:27Z" finished-at="2018-04-17T16:24:30Z">
      <class name="APITesting.com.org.api.JasonServerResquests">
        <test-method status="PASS" signature="test_05()[pri:0, instance:APITesting.com.org.api.JasonServerResquests@d041cf]" name="test_05" duration-ms="2674" started-at="2018-04-17T21:54:27Z" finished-at="2018-04-17T21:54:29Z">
          <reporter-output>
          </reporter-output>
        </test-method> <!-- test_05 -->
        <test-method status="PASS" signature="test_10()[pri:0, instance:APITesting.com.org.api.JasonServerResquests@d041cf]" name="test_10" duration-ms="111" started-at="2018-04-17T21:54:29Z" finished-at="2018-04-17T21:54:30Z">
          <reporter-output>
          </reporter-output>
        </test-method> <!-- test_10 -->
      </class> <!-- APITesting.com.org.api.JasonServerResquests -->
    </test> <!-- Test on Rest API  -->
  </suite> <!-- API Suite -->
</testng-results>
